This is e-pTeX, Version 3.14159265-p3.7.1-161114-2.6 (utf8.euc) (TeX Live 2017) (preloaded format=platex 2017.7.17)  29 OCT 2017 12:11
entering extended mode
 restricted \write18 enabled.
 file:line:error style messages enabled.
 %&-line parsing enabled.
**D-yumoto-utf8.tex
(./D-yumoto-utf8.tex
pLaTeX2e <2017/05/05> (based on LaTeX2e <2017-04-15>)
Babel <3.10> and hyphenation patterns for 84 language(s) loaded.
(/usr/local/texlive/2017/texmf-dist/tex/platex/base/jreport.cls
Document Class: jreport 2017/03/05 v1.7e Standard pLaTeX class
\c@@paper=\count82
(/usr/local/texlive/2017/texmf-dist/tex/platex/base/jsize11.clo
File: jsize11.clo 2017/03/05 v1.7e Standard pLaTeX file (size option)
)
\c@part=\count83
\c@chapter=\count84
\c@section=\count85
\c@subsection=\count86
\c@subsubsection=\count87
\c@paragraph=\count88
\c@subparagraph=\count89
\c@figure=\count90
\c@table=\count91
\abovecaptionskip=\skip41
\belowcaptionskip=\skip42
\symmincho=\mathgroup4
LaTeX Font Info:    Overwriting symbol font `mincho' in version `bold'
(Font)                  JY1/mc/m/n --> JY1/gt/m/n on input line 702.
\toclineskip=\dimen118
\@lnumwidth=\dimen119
\bibindent=\dimen120
\heisei=\count92
)
(/usr/local/texlive/2017/texmf-dist/tex/latex/graphics/graphicx.sty
Package: graphicx 2014/10/28 v1.0g Enhanced LaTeX Graphics (DPC,SPQR)

(/usr/local/texlive/2017/texmf-dist/tex/latex/graphics/keyval.sty
Package: keyval 2014/10/28 v1.15 key=value parser (DPC)
\KV@toks@=\toks15
)
(/usr/local/texlive/2017/texmf-dist/tex/latex/graphics/graphics.sty
Package: graphics 2017/04/14 v1.1b Standard LaTeX Graphics (DPC,SPQR)

(/usr/local/texlive/2017/texmf-dist/tex/latex/graphics/trig.sty
Package: trig 2016/01/03 v1.10 sin cos tan (DPC)
)
(/usr/local/texlive/2017/texmf-dist/tex/latex/graphics-cfg/graphics.cfg
File: graphics.cfg 2016/06/04 v1.11 sample graphics configuration
)
Package graphics Info: Driver file: dvipdfmx.def on input line 99.

(/usr/local/texlive/2017/texmf-dist/tex/latex/graphics-def/dvipdfmx.def
File: dvipdfmx.def 2016/07/11 v4.12 LaTeX color/graphics driver for dvipdfmx (L
3/ChoF)
))
\Gin@req@height=\dimen121
\Gin@req@width=\dimen122
)
(/usr/local/texlive/2017/texmf-dist/tex/latex/url/url.sty
\Urlmuskip=\muskip10
Package: url 2013/09/16  ver 3.4  Verb mode for urls, etc.
)
(/usr/local/texlive/2017/texmf-dist/tex/latex/amsmath/amsmath.sty
Package: amsmath 2016/11/05 v2.16a AMS math features
\@mathmargin=\skip43

For additional information on amsmath, use the `?' option.
(/usr/local/texlive/2017/texmf-dist/tex/latex/amsmath/amstext.sty
Package: amstext 2000/06/29 v2.01 AMS text

(/usr/local/texlive/2017/texmf-dist/tex/latex/amsmath/amsgen.sty
File: amsgen.sty 1999/11/30 v2.0 generic functions
\@emptytoks=\toks16
\ex@=\dimen123
))
(/usr/local/texlive/2017/texmf-dist/tex/latex/amsmath/amsbsy.sty
Package: amsbsy 1999/11/29 v1.2d Bold Symbols
\pmbraise@=\dimen124
)
(/usr/local/texlive/2017/texmf-dist/tex/latex/amsmath/amsopn.sty
Package: amsopn 2016/03/08 v2.02 operator names
)
\inf@bad=\count93
LaTeX Info: Redefining \frac on input line 213.
\uproot@=\count94
\leftroot@=\count95
LaTeX Info: Redefining \overline on input line 375.
\classnum@=\count96
\DOTSCASE@=\count97
LaTeX Info: Redefining \ldots on input line 472.
LaTeX Info: Redefining \dots on input line 475.
LaTeX Info: Redefining \cdots on input line 596.
\Mathstrutbox@=\box42
\strutbox@=\box43
\big@size=\dimen125
LaTeX Font Info:    Redeclaring font encoding OML on input line 712.
LaTeX Font Info:    Redeclaring font encoding OMS on input line 713.
\macc@depth=\count98
\c@MaxMatrixCols=\count99
\dotsspace@=\muskip11
\c@parentequation=\count100
\dspbrk@lvl=\count101
\tag@help=\toks17
\row@=\count102
\column@=\count103
\maxfields@=\count104
\andhelp@=\toks18
\eqnshift@=\dimen126
\alignsep@=\dimen127
\tagshift@=\dimen128
\tagwidth@=\dimen129
\totwidth@=\dimen130
\lineht@=\dimen131
\@envbody=\toks19
\multlinegap=\skip44
\multlinetaggap=\skip45
\mathdisplay@stack=\toks20
LaTeX Info: Redefining \[ on input line 2817.
LaTeX Info: Redefining \] on input line 2818.
)
(/usr/local/texlive/2017/texmf-dist/tex/latex/caption/caption.sty
Package: caption 2016/02/21 v3.3-144 Customizing captions (AR)

(/usr/local/texlive/2017/texmf-dist/tex/latex/caption/caption3.sty
Package: caption3 2016/05/22 v1.7-166 caption3 kernel (AR)
Package caption3 Info: TeX engine: e-TeX on input line 67.
\captionmargin=\dimen132
\captionmargin@=\dimen133
\captionwidth=\dimen134
\caption@tempdima=\dimen135
\caption@indent=\dimen136
\caption@parindent=\dimen137
\caption@hangindent=\dimen138
Package caption Info: Unknown document class (or package),
(caption)             standard defaults will be used.
)

Package caption Warning: Unsupported document class (or package) detected,
(caption)                usage of the caption package is not recommended.
See the caption package documentation for explanation.

Package caption Info: \@makecaption = \long macro:#1#2->\vskip \abovecaptionski
p \iftdir \sbox \@tempboxa {#1\hskip 1zw#2}\else \sbox \@tempboxa {#1: #2}\fi \
ifdim \wd \@tempboxa >\hsize \iftdir #1\hskip 1zw#2\relax \par \else #1: #2\rel
ax \par \fi \else \global \@minipagefalse \hb@xt@ \hsize {\hfil \box \@tempboxa
 \hfil }\fi \vskip \belowcaptionskip .
\c@ContinuedFloat=\count105
) (/usr/local/texlive/2017/texmf-dist/tex/latex/sttools/flushend.sty
Package: flushend 2017/03/27 v3.3 Balancing columns in twocolumn mode
\flushend@@lastskip@a=\skip46
\flushend@@lastskip@b=\skip47
\flushend@@lastskip@c=\skip48
\flushend@@penalty@a=\count106
\flushend@@lastkern@a=\dimen139
\var@@temp@spread=\dimen140
\var@@temp@a=\dimen141
\flushend@@page@rule=\dimen142
\flushend@@varbox@a=\box44
\flushend@@varbox@c=\box45
\flushend@@tempbox@a=\box46
\flushend@@tempbox@c=\box47
\@viper=\box48
\hold@viper=\box49
\atColsBreak=\toks21
\atColsEnd=\toks22

(/usr/local/texlive/2017/texmf-dist/tex/latex/etoolbox/etoolbox.sty
Package: etoolbox 2017/01/02 v2.4 e-TeX tools for LaTeX (JAW)
\etb@tempcnta=\count107
))
(./multirow.sty
Package: multirow 2016/11/25 v2.2 Span multiple rows of a table
\multirow@colwidth=\skip49
\multirow@cntb=\count108
\multirow@dima=\skip50
\bigstrutjot=\dimen143
) (./bigstrut.sty
Package: bigstrut 2016/11/25 v2.2 Provide larger struts in tabulars
)
(/usr/local/texlive/2017/texmf-dist/tex/latex/psnfss/times.sty
Package: times 2005/04/12 PSNFSS-v9.2a (SPQR) 
)
(./sie-jp-utf.sty
\vspacetitle=\dimen144
\vspaceabstract=\dimen145
) (./D-yumoto-utf8.aux

LaTeX Warning: Label `tbl:D-3-tbl3' multiply defined.


LaTeX Warning: Label `tbl:D-3-tbl10' multiply defined.

)
\openout1 = `D-yumoto-utf8.aux'.

LaTeX Font Info:    Checking defaults for OML/cmm/m/it on input line 68.
LaTeX Font Info:    ... okay on input line 68.
LaTeX Font Info:    Checking defaults for T1/cmr/m/n on input line 68.
LaTeX Font Info:    ... okay on input line 68.
LaTeX Font Info:    Checking defaults for OT1/cmr/m/n on input line 68.
LaTeX Font Info:    ... okay on input line 68.
LaTeX Font Info:    Checking defaults for OMS/cmsy/m/n on input line 68.
LaTeX Font Info:    ... okay on input line 68.
LaTeX Font Info:    Checking defaults for OMX/cmex/m/n on input line 68.
LaTeX Font Info:    ... okay on input line 68.
LaTeX Font Info:    Checking defaults for U/cmr/m/n on input line 68.
LaTeX Font Info:    ... okay on input line 68.
LaTeX Font Info:    Checking defaults for JY1/mc/m/n on input line 68.
LaTeX Font Info:    ... okay on input line 68.
LaTeX Font Info:    Checking defaults for JT1/mc/m/n on input line 68.
LaTeX Font Info:    ... okay on input line 68.
 (I search kanjifont definition file: . . ) (I search font definition file: .
. . . . . . )
LaTeX Font Info:    Try loading font information for OT1+ptm on input line 68.
 (/usr/local/texlive/2017/texmf-dist/tex/latex/psnfss/ot1ptm.fd
File: ot1ptm.fd 2001/06/04 font definitions for OT1/ptm.
)
Package caption Info: Begin \AtBeginDocument code.
Package caption Info: End \AtBeginDocument code.

Overfull \hbox (10.53625pt too wide) in paragraph at lines 70--70
[][]$[]$[] 
 []


Underfull \vbox (badness 10000) detected at line 70
 []

[-1

]
LaTeX Font Info:    Font shape `JT1/mc/bx/n' in size <10.95> not available
(Font)              Font shape `JT1/gt/m/n' tried instead on input line 82.
LaTeX Font Info:    Font shape `JY1/mc/bx/n' in size <10.95> not available
(Font)              Font shape `JY1/gt/m/n' tried instead on input line 82.
LaTeX Font Info:    Font shape `OT1/ptm/bx/n' in size <10.95> not available
(Font)              Font shape `OT1/ptm/b/n' tried instead on input line 82.
 [0]
LaTeX Font Info:    Font shape `JT1/mc/bx/n' in size <20.74> not available
(Font)              Font shape `JT1/gt/m/n' tried instead on input line 94.
LaTeX Font Info:    Font shape `JY1/mc/bx/n' in size <20.74> not available
(Font)              Font shape `JY1/gt/m/n' tried instead on input line 94.
LaTeX Font Info:    Font shape `OT1/ptm/bx/n' in size <20.74> not available
(Font)              Font shape `OT1/ptm/b/n' tried instead on input line 94.
 (./D-yumoto-utf8.toc [1

] [2])
\tf@toc=\write3
\openout3 = `D-yumoto-utf8.toc'.

 [3] (./D-yumoto-utf8.lof [4

])
\tf@lof=\write4
\openout4 = `D-yumoto-utf8.lof'.

 [5]
第 1 章

LaTeX Warning: Citation `jones1998estimating' on page 1 undefined on input line
 105.


LaTeX Warning: Citation `longstreet2000' on page 1 undefined on input line 105.



LaTeX Warning: Citation `IPA2015' on page 1 undefined on input line 108.


LaTeX Warning: Citation `van2013tpi' on page 1 undefined on input line 109.

[1

]
第 2 章
LaTeX Font Info:    Font shape `JT1/mc/bx/n' in size <14.4> not available
(Font)              Font shape `JT1/gt/m/n' tried instead on input line 130.
LaTeX Font Info:    Font shape `JY1/mc/bx/n' in size <14.4> not available
(Font)              Font shape `JY1/gt/m/n' tried instead on input line 130.
LaTeX Font Info:    Font shape `OT1/ptm/bx/n' in size <14.4> not available
(Font)              Font shape `OT1/ptm/b/n' tried instead on input line 130.
LaTeX Font Info:    Font shape `JT1/mc/bx/n' in size <12> not available
(Font)              Font shape `JT1/gt/m/n' tried instead on input line 132.
LaTeX Font Info:    Font shape `JY1/mc/bx/n' in size <12> not available
(Font)              Font shape `JY1/gt/m/n' tried instead on input line 132.
LaTeX Font Info:    Font shape `OT1/ptm/bx/n' in size <12> not available
(Font)              Font shape `OT1/ptm/b/n' tried instead on input line 132.

LaTeX Warning: Citation `ISTQB' on page 2 undefined on input line 135.


LaTeX Warning: Citation `myers2011art' on page 2 undefined on input line 150.

[2

] [3] [4]
第 3 章
[5

]
File: ./image/D-3-Fig1-1.png Graphic file (type bmp)
 <./image/D-3-Fig1-1.png>
File: ./image/D-3-Fig1-2.png Graphic file (type bmp)
 <./image/D-3-Fig1-2.png>
File: ./image/D-3-Fig1-3.png Graphic file (type bmp)
 <./image/D-3-Fig1-3.png>
File: ./image/D-3-Fig1-4.png Graphic file (type bmp)

<./image/D-3-Fig1-4.png>
Overfull \hbox (12.0pt too wide) in paragraph at lines 235--265
[][][][]
 []

File: ./image/D-3-Fig2.png Graphic file (type bmp)
<./image/D-3-Fig2.png>

LaTeX Warning: `h' float specifier changed to `ht'.

File: ./image/D-3-Fig3.png Graphic file (type bmp)
<./image/D-3-Fig3.png>

LaTeX Warning: `h' float specifier changed to `ht'.

[6] [7] [8]
Overfull \hbox (241.5518pt too wide) in paragraph at lines 476--491
 [][][][][] 
 []

[9] [10] [11]
File: ./image/D-3-Fig4.png Graphic file (type bmp)
 <./image/D-3-Fig4.png>

LaTeX Warning: `h' float specifier changed to `ht'.

File: ./image/D-3-Fig5.png Graphic file (type bmp)
<./image/D-3-Fig5.png>

LaTeX Warning: `h' float specifier changed to `ht'.

[12]
File: ./image/D-3-Fig6.png Graphic file (type bmp)
 <./image/D-3-Fig6.png>

LaTeX Warning: `h' float specifier changed to `ht'.

File: ./image/D-3-Fig7.png Graphic file (type bmp)
<./image/D-3-Fig7.png>

LaTeX Warning: `h' float specifier changed to `ht'.

[13] [14]
File: ./image/D-3-Fig8.png Graphic file (type bmp)
 <./image/D-3-Fig8.png>

LaTeX Warning: `h' float specifier changed to `ht'.

File: ./image/D-3-Fig9.png Graphic file (type bmp)
<./image/D-3-Fig9.png>

LaTeX Warning: `h' float specifier changed to `ht'.

File: ./image/D-3-Fig10.png Graphic file (type bmp)
<./image/D-3-Fig10.png>

LaTeX Warning: `h' float specifier changed to `ht'.

File: ./image/D-3-Fig11.png Graphic file (type bmp)
<./image/D-3-Fig11.png>

LaTeX Warning: `h' float specifier changed to `ht'.

File: ./image/D-3-Fig12.png Graphic file (type bmp)
<./image/D-3-Fig12.png>

LaTeX Warning: `h' float specifier changed to `ht'.

File: ./image/D-3-Fig13.png Graphic file (type bmp)
<./image/D-3-Fig13.png> [15]

LaTeX Warning: `h' float specifier changed to `ht'.

[16] [17] [18] [19] [20] [21] [22] [23]
第 4 章
File: ./image/D-4-Fig1.png Graphic file (type bmp)
<./image/D-4-Fig1.png> [24

] [25]
File: ./image/D-3-Fig3.png Graphic file (type bmp)
 <./image/D-3-Fig3.png>

LaTeX Warning: `h' float specifier changed to `ht'.

File: ./image/D-4-Fig3.png Graphic file (type bmp)
<./image/D-4-Fig3.png> [26]
File: ./image/D-4-Fig4.png Graphic file (type bmp)
 <./image/D-4-Fig4.png> [27] [28]
File: ./image/D-3-Fig4.png Graphic file (type bmp)

<./image/D-3-Fig4.png>
File: ./image/D-3-Fig5.png Graphic file (type bmp)
 <./image/D-3-Fig5.png> [29]
File: ./image/D-4-Fig7.png Graphic file (type bmp)
 <./image/D-4-Fig7.png>
[30] [31] [32]
LaTeX Font Info:    Try loading font information for OMS+ptm on input line 1078
.
 (/usr/local/texlive/2017/texmf-dist/tex/latex/psnfss/omsptm.fd
File: omsptm.fd 
)
LaTeX Font Info:    Font shape `OMS/ptm/m/n' in size <10.95> not available
(Font)              Font shape `OMS/cmsy/m/n' tried instead on input line 1078.


[33]
File: ./image/D-4-Fig8.png Graphic file (type bmp)
 <./image/D-4-Fig8.png> [34]
File: ./image/D-4-Fig9.png Graphic file (type bmp)
 <./image/D-4-Fig9.png> [35]
File: ./image/D-4-Fig10.png Graphic file (type bmp)

<./image/D-4-Fig10.png>
File: ./image/D-4-Fig11.png Graphic file (type bmp)
 <./image/D-4-Fig11.png> [36] [37] [38]
第 5 章

LaTeX Warning: Citation `arnold1996software' on page 39 undefined on input line
 1210.


LaTeX Warning: Citation `li2013survey' on page 39 undefined on input line 1213.



LaTeX Warning: Citation `beiz90' on page 39 undefined on input line 1217.

File: ./image/fig-1.png Graphic file (type bmp)
<./image/fig-1.png> [39

] [40]
File: ./image/fig-2.png Graphic file (type bmp)
 <./image/fig-2.png>

LaTeX Warning: Citation `gomaa2005designing' on page 41 undefined on input line
 1284.


LaTeX Warning: Citation `briand2003impact' on page 41 undefined on input line 1
284.


LaTeX Warning: Citation `小谷正行2008' on page 41 undefined on input line 1284.



LaTeX Warning: Citation `campbell1990' on page 41 undefined on input line 1285.



LaTeX Warning: Citation `maule2008impact' on page 41 undefined on input line 12
86.


LaTeX Warning: Citation `加藤正恭2011' on page 41 undefined on input line 1286.


[41]

LaTeX Warning: Citation `beiz90' on page 42 undefined on input line 1308.


LaTeX Warning: Citation `beiz90' on page 42 undefined on input line 1310.


LaTeX Warning: Citation `beiz90' on page 42 undefined on input line 1313.


LaTeX Warning: Citation `Demarco' on page 42 undefined on input line 1327.


LaTeX Warning: Citation `Demarco' on page 42 undefined on input line 1337.

[42]

LaTeX Warning: Citation `Politano' on page 43 undefined on input line 1358.

[43] [44] [45] [46]

LaTeX Warning: Citation `ISTQB' on page 47 undefined on input line 1597.

(I search kanjifont definition file: . . ) (I search font definition file: . .
. . . . . )
LaTeX Font Info:    Try loading font information for OT1+pcr on input line 1611
.
 (/usr/local/texlive/2017/texmf-dist/tex/latex/psnfss/ot1pcr.fd
File: ot1pcr.fd 2001/06/04 font definitions for OT1/pcr.
)

LaTeX Warning: `h' float specifier changed to `ht'.

File: dfdanderd.eps Graphic file (type eps)
<dfdanderd.eps>
Overfull \hbox (51.66782pt too wide) in paragraph at lines 1640--1641
 [] 
 []


LaTeX Warning: Citation `Yumo2014' on page 47 undefined on input line 1646.


LaTeX Warning: Citation `29119' on page 47 undefined on input line 1647.


Underfull \hbox (badness 10000) in paragraph at lines 1690--1690
[]\OT1/ptm/m/n/9 Flight
 []


Overfull \hbox (2.5521pt too wide) in paragraph at lines 1690--1691
[]\OT1/ptm/m/n/9 Booking
 []


Underfull \hbox (badness 3179) in paragraph at lines 1693--1693
[]\JY1/mc/m/n/9 新規フライ
 []

[47] [48] [49]
Overfull \hbox (6.37183pt too wide) in paragraph at lines 1803--1804
[]$\OML/cmm/m/it/9 Ta[]=Ds[]U []
 []


Overfull \hbox (6.37183pt too wide) in paragraph at lines 1805--1806
[]$\OML/cmm/m/it/9 Ta[]=Ds[]U []
 []


Overfull \hbox (6.37183pt too wide) in paragraph at lines 1807--1808
[]$\OML/cmm/m/it/9 Ta[]=Ds[]U []
 []


Overfull \hbox (6.35097pt too wide) in paragraph at lines 1809--1810
[]$\OML/cmm/m/it/9 Ta[]=Ds[]C []
 []


Overfull \hbox (6.35097pt too wide) in paragraph at lines 1811--1812
[]$\OML/cmm/m/it/9 Ta[]=Ds[]C []
 []


LaTeX Warning: `h' float specifier changed to `ht'.

File: screentransition.eps Graphic file (type eps)
<screentransition.eps>

LaTeX Warning: `h' float specifier changed to `ht'.

[50] [51] [52]
第 6 章
No file D-yumoto-utf8.bbl.
[53

] (./D-yumoto-utf8.aux)

LaTeX Warning: There were undefined references.


LaTeX Warning: There were multiply-defined labels.

 ) 
Here is how much of TeX's memory you used:
 3226 strings out of 493653
 47152 string characters out of 6148874
 139214 words of memory out of 5000000
 6748 multiletter control sequences out of 15000+600000
 22570 words of font info for 79 fonts, out of 8000000 for 9000
 929 hyphenation exceptions out of 8191
 36i,22n,39p,1404b,492s stack positions out of 5000i,500n,10000p,200000b,80000s

Output written on D-yumoto-utf8.dvi (60 pages, 214848 bytes).
